1654801547.109186 client started (545319): version 3.2a, socket /tmp/tmux-1000/default, protocol 8
1654801547.109206 on Linux 5.17.5-76051705-generic #202204271406~1653440576~22.04~6277a18 SMP PREEMPT Wed May 25 01
1654801547.109209 using libevent 2.1.12-stable (poll); ncurses 6.3
1654801547.109222 flags are 0x10010000
1654801547.109225 socket is /tmp/tmux-1000/default
1654801547.109233 trying connect
1654801547.109290 add peer 0x560a0c358400: 6 ((nil))
1654801547.109441 sending message 100 to peer 0x560a0c358400 (4 bytes)
1654801547.109446 sending message 111 to peer 0x560a0c358400 (8 bytes)
1654801547.109449 sending message 101 to peer 0x560a0c358400 (16 bytes)
1654801547.109451 sending message 109 to peer 0x560a0c358400 (4 bytes)
1654801547.109454 sending message 102 to peer 0x560a0c358400 (11 bytes)
1654801547.109456 sending message 108 to peer 0x560a0c358400 (39 bytes)
1654801547.109459 sending message 112 to peer 0x560a0c358400 (70 bytes)
1654801547.109461 sending message 112 to peer 0x560a0c358400 (5 bytes)
1654801547.109464 sending message 112 to peer 0x560a0c358400 (5 bytes)
1654801547.109466 sending message 112 to peer 0x560a0c358400 (6 bytes)
1654801547.109468 sending message 112 to peer 0x560a0c358400 (6 bytes)
1654801547.109471 sending message 112 to peer 0x560a0c358400 (11 bytes)
1654801547.109473 sending message 112 to peer 0x560a0c358400 (10 bytes)
1654801547.109475 sending message 112 to peer 0x560a0c358400 (13 bytes)
1654801547.109478 sending message 112 to peer 0x560a0c358400 (13 bytes)
1654801547.109480 sending message 112 to peer 0x560a0c358400 (18 bytes)
1654801547.109482 sending message 112 to peer 0x560a0c358400 (11 bytes)
1654801547.109485 sending message 112 to peer 0x560a0c358400 (21 bytes)
1654801547.109487 sending message 112 to peer 0x560a0c358400 (13 bytes)
1654801547.109489 sending message 112 to peer 0x560a0c358400 (7 bytes)
1654801547.109491 sending message 112 to peer 0x560a0c358400 (13 bytes)
1654801547.109494 sending message 112 to peer 0x560a0c358400 (7 bytes)
1654801547.109496 sending message 112 to peer 0x560a0c358400 (13 bytes)
1654801547.109498 sending message 112 to peer 0x560a0c358400 (9 bytes)
1654801547.109500 sending message 112 to peer 0x560a0c358400 (21 bytes)
1654801547.109503 sending message 112 to peer 0x560a0c358400 (13 bytes)
1654801547.109505 sending message 112 to peer 0x560a0c358400 (8 bytes)
1654801547.109508 sending message 112 to peer 0x560a0c358400 (12 bytes)
1654801547.109510 sending message 112 to peer 0x560a0c358400 (13 bytes)
1654801547.109512 sending message 112 to peer 0x560a0c358400 (9 bytes)
1654801547.109515 sending message 112 to peer 0x560a0c358400 (9 bytes)
1654801547.109517 sending message 112 to peer 0x560a0c358400 (12 bytes)
1654801547.109519 sending message 112 to peer 0x560a0c358400 (8 bytes)
1654801547.109521 sending message 112 to peer 0x560a0c358400 (7 bytes)
1654801547.109524 sending message 112 to peer 0x560a0c358400 (7 bytes)
1654801547.109526 sending message 112 to peer 0x560a0c358400 (9 bytes)
1654801547.109528 sending message 112 to peer 0x560a0c358400 (13 bytes)
1654801547.109531 sending message 112 to peer 0x560a0c358400 (9 bytes)
1654801547.109533 sending message 112 to peer 0x560a0c358400 (15 bytes)
1654801547.109535 sending message 112 to peer 0x560a0c358400 (13 bytes)
1654801547.109537 sending message 112 to peer 0x560a0c358400 (12 bytes)
1654801547.109540 sending message 112 to peer 0x560a0c358400 (8 bytes)
1654801547.109542 sending message 112 to peer 0x560a0c358400 (14 bytes)
1654801547.109544 sending message 112 to peer 0x560a0c358400 (9 bytes)
1654801547.109546 sending message 112 to peer 0x560a0c358400 (10 bytes)
1654801547.109549 sending message 112 to peer 0x560a0c358400 (10 bytes)
1654801547.109551 sending message 112 to peer 0x560a0c358400 (10 bytes)
1654801547.109553 sending message 112 to peer 0x560a0c358400 (10 bytes)
1654801547.109555 sending message 112 to peer 0x560a0c358400 (11 bytes)
1654801547.109558 sending message 112 to peer 0x560a0c358400 (10 bytes)
1654801547.109560 sending message 112 to peer 0x560a0c358400 (8 bytes)
1654801547.109567 sending message 112 to peer 0x560a0c358400 (11 bytes)
1654801547.109569 sending message 112 to peer 0x560a0c358400 (11 bytes)
1654801547.109572 sending message 112 to peer 0x560a0c358400 (11 bytes)
1654801547.109574 sending message 112 to peer 0x560a0c358400 (8 bytes)
1654801547.109576 sending message 112 to peer 0x560a0c358400 (8 bytes)
1654801547.109579 sending message 112 to peer 0x560a0c358400 (8 bytes)
1654801547.109581 sending message 112 to peer 0x560a0c358400 (10 bytes)
1654801547.109583 sending message 112 to peer 0x560a0c358400 (10 bytes)
1654801547.109585 sending message 112 to peer 0x560a0c358400 (10 bytes)
1654801547.109588 sending message 112 to peer 0x560a0c358400 (10 bytes)
1654801547.109590 sending message 112 to peer 0x560a0c358400 (10 bytes)
1654801547.109592 sending message 112 to peer 0x560a0c358400 (11 bytes)
1654801547.109595 sending message 112 to peer 0x560a0c358400 (11 bytes)
1654801547.109597 sending message 112 to peer 0x560a0c358400 (10 bytes)
1654801547.109599 sending message 112 to peer 0x560a0c358400 (9 bytes)
1654801547.109601 sending message 112 to peer 0x560a0c358400 (9 bytes)
1654801547.109604 sending message 112 to peer 0x560a0c358400 (12 bytes)
1654801547.109606 sending message 112 to peer 0x560a0c358400 (9 bytes)
1654801547.109608 sending message 112 to peer 0x560a0c358400 (6 bytes)
1654801547.109611 sending message 112 to peer 0x560a0c358400 (13 bytes)
1654801547.109613 sending message 112 to peer 0x560a0c358400 (8 bytes)
1654801547.109615 sending message 112 to peer 0x560a0c358400 (15 bytes)
1654801547.109617 sending message 112 to peer 0x560a0c358400 (13 bytes)
1654801547.109620 sending message 112 to peer 0x560a0c358400 (70 bytes)
1654801547.109622 sending message 112 to peer 0x560a0c358400 (69 bytes)
1654801547.109625 sending message 112 to peer 0x560a0c358400 (10 bytes)
1654801547.109627 sending message 112 to peer 0x560a0c358400 (8 bytes)
1654801547.109629 sending message 112 to peer 0x560a0c358400 (15 bytes)
1654801547.109632 sending message 112 to peer 0x560a0c358400 (13 bytes)
1654801547.109634 sending message 112 to peer 0x560a0c358400 (10 bytes)
1654801547.109636 sending message 112 to peer 0x560a0c358400 (10 bytes)
1654801547.109638 sending message 112 to peer 0x560a0c358400 (5 bytes)
1654801547.109641 sending message 112 to peer 0x560a0c358400 (15 bytes)
1654801547.109644 sending message 104 to peer 0x560a0c358400 (0 bytes)
1654801547.109646 sending message 110 to peer 0x560a0c358400 (0 bytes)
1654801547.109649 sending message 107 to peer 0x560a0c358400 (4 bytes)
1654801547.109652 sending message 105 to peer 0x560a0c358400 (20 bytes)
1654801547.109654 sending message 105 to peer 0x560a0c358400 (23 bytes)
1654801547.109656 sending message 105 to peer 0x560a0c358400 (46 bytes)
1654801547.109658 sending message 105 to peer 0x560a0c358400 (39 bytes)
1654801547.109661 sending message 105 to peer 0x560a0c358400 (30 bytes)
1654801547.109663 sending message 105 to peer 0x560a0c358400 (54 bytes)
1654801547.109665 sending message 105 to peer 0x560a0c358400 (14 bytes)
1654801547.109667 sending message 105 to peer 0x560a0c358400 (54 bytes)
1654801547.109670 sending message 105 to peer 0x560a0c358400 (20 bytes)
1654801547.109672 sending message 105 to peer 0x560a0c358400 (11 bytes)
1654801547.109674 sending message 105 to peer 0x560a0c358400 (15 bytes)
1654801547.109677 sending message 105 to peer 0x560a0c358400 (64 bytes)
1654801547.109679 sending message 105 to peer 0x560a0c358400 (36 bytes)
1654801547.109681 sending message 105 to peer 0x560a0c358400 (24 bytes)
1654801547.109683 sending message 105 to peer 0x560a0c358400 (33 bytes)
1654801547.109686 sending message 105 to peer 0x560a0c358400 (44 bytes)
1654801547.109688 sending message 105 to peer 0x560a0c358400 (29 bytes)
1654801547.109690 sending message 105 to peer 0x560a0c358400 (38 bytes)
1654801547.109693 sending message 105 to peer 0x560a0c358400 (52 bytes)
1654801547.109695 sending message 105 to peer 0x560a0c358400 (19 bytes)
1654801547.109697 sending message 105 to peer 0x560a0c358400 (47 bytes)
1654801547.109703 sending message 105 to peer 0x560a0c358400 (20 bytes)
1654801547.109705 sending message 105 to peer 0x560a0c358400 (47 bytes)
1654801547.109708 sending message 105 to peer 0x560a0c358400 (23 bytes)
1654801547.109710 sending message 105 to peer 0x560a0c358400 (13 bytes)
1654801547.109712 sending message 105 to peer 0x560a0c358400 (18 bytes)
1654801547.109715 sending message 105 to peer 0x560a0c358400 (17 bytes)
1654801547.109717 sending message 105 to peer 0x560a0c358400 (17 bytes)
1654801547.109719 sending message 105 to peer 0x560a0c358400 (1519 bytes)
1654801547.109731 sending message 105 to peer 0x560a0c358400 (16 bytes)
1654801547.109733 sending message 105 to peer 0x560a0c358400 (20 bytes)
1654801547.109736 sending message 105 to peer 0x560a0c358400 (147 bytes)
1654801547.109738 sending message 105 to peer 0x560a0c358400 (13 bytes)
1654801547.109740 sending message 105 to peer 0x560a0c358400 (62 bytes)
1654801547.109743 sending message 105 to peer 0x560a0c358400 (16 bytes)
1654801547.109745 sending message 105 to peer 0x560a0c358400 (35 bytes)
1654801547.109747 sending message 105 to peer 0x560a0c358400 (71 bytes)
1654801547.109750 sending message 105 to peer 0x560a0c358400 (16 bytes)
1654801547.109752 sending message 105 to peer 0x560a0c358400 (36 bytes)
1654801547.109754 sending message 105 to peer 0x560a0c358400 (582 bytes)
1654801547.109757 sending message 105 to peer 0x560a0c358400 (43 bytes)
1654801547.109759 sending message 105 to peer 0x560a0c358400 (19 bytes)
1654801547.109761 sending message 105 to peer 0x560a0c358400 (18 bytes)
1654801547.109764 sending message 105 to peer 0x560a0c358400 (82 bytes)
1654801547.109766 sending message 105 to peer 0x560a0c358400 (19 bytes)
1654801547.109768 sending message 105 to peer 0x560a0c358400 (8 bytes)
1654801547.109771 sending message 105 to peer 0x560a0c358400 (33 bytes)
1654801547.109773 sending message 105 to peer 0x560a0c358400 (41 bytes)
1654801547.109775 sending message 105 to peer 0x560a0c358400 (22 bytes)
1654801547.109778 sending message 105 to peer 0x560a0c358400 (21 bytes)
1654801547.109780 sending message 105 to peer 0x560a0c358400 (18 bytes)
1654801547.109782 sending message 105 to peer 0x560a0c358400 (26 bytes)
1654801547.109784 sending message 105 to peer 0x560a0c358400 (37 bytes)
1654801547.109787 sending message 105 to peer 0x560a0c358400 (13 bytes)
1654801547.109789 sending message 105 to peer 0x560a0c358400 (55 bytes)
1654801547.109791 sending message 105 to peer 0x560a0c358400 (14 bytes)
1654801547.109794 sending message 105 to peer 0x560a0c358400 (18 bytes)
1654801547.109796 sending message 105 to peer 0x560a0c358400 (18 bytes)
1654801547.109798 sending message 105 to peer 0x560a0c358400 (13 bytes)
1654801547.109805 sending message 105 to peer 0x560a0c358400 (41 bytes)
1654801547.109807 sending message 105 to peer 0x560a0c358400 (37 bytes)
1654801547.109809 sending message 105 to peer 0x560a0c358400 (42 bytes)
1654801547.109812 sending message 105 to peer 0x560a0c358400 (39 bytes)
1654801547.109830 sending message 105 to peer 0x560a0c358400 (30 bytes)
1654801547.109833 sending message 105 to peer 0x560a0c358400 (157 bytes)
1654801547.109835 sending message 105 to peer 0x560a0c358400 (42 bytes)
1654801547.109838 sending message 105 to peer 0x560a0c358400 (23 bytes)
1654801547.109840 sending message 105 to peer 0x560a0c358400 (31 bytes)
1654801547.109852 sending message 105 to peer 0x560a0c358400 (23 bytes)
1654801547.109855 sending message 105 to peer 0x560a0c358400 (24 bytes)
1654801547.109857 sending message 105 to peer 0x560a0c358400 (21 bytes)
1654801547.109860 sending message 105 to peer 0x560a0c358400 (20 bytes)
1654801547.109862 sending message 105 to peer 0x560a0c358400 (35 bytes)
1654801547.109864 sending message 105 to peer 0x560a0c358400 (16 bytes)
1654801547.109866 sending message 105 to peer 0x560a0c358400 (11 bytes)
1654801547.109869 sending message 105 to peer 0x560a0c358400 (7 bytes)
1654801547.109871 sending message 106 to peer 0x560a0c358400 (0 bytes)
1654801547.109875 sending message 200 to peer 0x560a0c358400 (4 bytes)
1654801547.109879 client loop enter
1654801547.110146 peer 0x560a0c358400 message 303
1654801547.110151 open write file 2 -
1654801547.110157 sending message 305 to peer 0x560a0c358400 (8 bytes)
1654801547.110162 write check file 2
1654801547.110231 peer 0x560a0c358400 message 304
1654801547.110234 write 58 to file 2
1654801547.110238 peer 0x560a0c358400 message 203
1654801547.110240 file 2 58 bytes left
1654801547.110258 write check file 2
1654801547.110261 client loop exit
